2015-03-27 21:05:42,808 - Loaded System Directive: org.apache.velocity.runtime.directive.Parse
2015-03-27 21:05:42,809 - Loaded System Directive: org.apache.velocity.runtime.directive.Include
2015-03-27 21:05:42,810 - Loaded System Directive: org.apache.velocity.runtime.directive.Foreach
2015-03-27 21:05:42,836 - Created: 20 parsers.
2015-03-27 21:05:42,842 - Velocimacro : initialization starting.
2015-03-27 21:05:42,842 - Velocimacro : adding VMs from VM library template : VM_global_library.vm
2015-03-27 21:05:42,852 - ResourceManager : unable to find resource 'VM_global_library.vm' in any resource loader.
2015-03-27 21:05:42,852 - Velocimacro : error using  VM library template VM_global_library.vm : org.apache.velocity.exception.ResourceNotFoundException: Unable to find resource 'VM_global_library.vm'
2015-03-27 21:05:42,852 - Velocimacro :  VM library template macro registration complete.
2015-03-27 21:05:42,852 - Velocimacro : allowInline = true : VMs can be defined inline in templates
2015-03-27 21:05:42,852 - Velocimacro : allowInlineToOverride = false : VMs defined inline may NOT replace previous VM definitions
2015-03-27 21:05:42,852 - Velocimacro : allowInlineLocal = false : VMs defined inline will be  global in scope if allowed.
2015-03-27 21:05:42,852 - Velocimacro : messages on  : VM system will output logging messages
2015-03-27 21:05:42,852 - Velocimacro : autoload off  : VM system will not automatically reload global library macros
2015-03-27 21:05:42,852 - Velocimacro : initialization complete.
2015-03-27 21:05:42,852 - Velocity successfully started.
2015-03-27 21:12:23,869 - SimpleLog4JLogSystem initialized using logfile 'velocity.log'
2015-03-27 21:12:23,869 - ************************************************************** 
2015-03-27 21:12:23,869 - Starting Jakarta Velocity v1.4
2015-03-27 21:12:23,869 - RuntimeInstance initializing.
2015-03-27 21:12:23,869 - Default Properties File: org/apache/velocity/runtime/defaults/velocity.properties
2015-03-27 21:12:23,870 - Trying to use logger class org.apache.velocity.runtime.log.SimpleLog4JLogSystem
2015-03-27 21:12:23,870 - Using logger class org.apache.velocity.runtime.log.SimpleLog4JLogSystem
2015-03-27 21:12:23,874 - Default ResourceManager initializing. (class org.apache.velocity.runtime.resource.ResourceManagerImpl)
2015-03-27 21:12:23,878 - Resource Loader Instantiated: org.apache.velocity.runtime.resource.loader.ClasspathResourceLoader
2015-03-27 21:12:23,878 - ClasspathResourceLoader : initialization starting.
2015-03-27 21:12:23,878 - ClasspathResourceLoader : initialization complete.
2015-03-27 21:12:23,880 - ResourceCache : initialized. (class org.apache.velocity.runtime.resource.ResourceCacheImpl)
2015-03-27 21:12:23,880 - Default ResourceManager initialization complete.
2015-03-27 21:12:23,882 - Loaded System Directive: org.apache.velocity.runtime.directive.Literal
2015-03-27 21:12:23,885 - Loaded System Directive: org.apache.velocity.runtime.directive.Macro
2015-03-27 21:12:23,888 - Loaded System Directive: org.apache.velocity.runtime.directive.Parse
2015-03-27 21:12:23,890 - Loaded System Directive: org.apache.velocity.runtime.directive.Include
2015-03-27 21:12:23,891 - Loaded System Directive: org.apache.velocity.runtime.directive.Foreach
2015-03-27 21:12:23,916 - Created: 20 parsers.
2015-03-27 21:12:23,923 - Velocimacro : initialization starting.
2015-03-27 21:12:23,923 - Velocimacro : adding VMs from VM library template : VM_global_library.vm
2015-03-27 21:12:23,929 - ResourceManager : unable to find resource 'VM_global_library.vm' in any resource loader.
2015-03-27 21:12:23,929 - Velocimacro : error using  VM library template VM_global_library.vm : org.apache.velocity.exception.ResourceNotFoundException: Unable to find resource 'VM_global_library.vm'
2015-03-27 21:12:23,929 - Velocimacro :  VM library template macro registration complete.
2015-03-27 21:12:23,929 - Velocimacro : allowInline = true : VMs can be defined inline in templates
2015-03-27 21:12:23,929 - Velocimacro : allowInlineToOverride = false : VMs defined inline may NOT replace previous VM definitions
2015-03-27 21:12:23,929 - Velocimacro : allowInlineLocal = false : VMs defined inline will be  global in scope if allowed.
2015-03-27 21:12:23,929 - Velocimacro : messages on  : VM system will output logging messages
2015-03-27 21:12:23,929 - Velocimacro : autoload off  : VM system will not automatically reload global library macros
2015-03-27 21:12:23,929 - Velocimacro : initialization complete.
2015-03-27 21:12:23,929 - Velocity successfully started.
2015-03-27 21:17:43,963 - SimpleLog4JLogSystem initialized using logfile 'velocity.log'
2015-03-27 21:17:43,964 - ************************************************************** 
2015-03-27 21:17:43,964 - Starting Jakarta Velocity v1.4
2015-03-27 21:17:43,964 - RuntimeInstance initializing.
2015-03-27 21:17:43,964 - Default Properties File: org/apache/velocity/runtime/defaults/velocity.properties
2015-03-27 21:17:43,964 - Trying to use logger class org.apache.velocity.runtime.log.SimpleLog4JLogSystem
2015-03-27 21:17:43,964 - Using logger class org.apache.velocity.runtime.log.SimpleLog4JLogSystem
2015-03-27 21:17:43,967 - Default ResourceManager initializing. (class org.apache.velocity.runtime.resource.ResourceManagerImpl)
2015-03-27 21:17:43,969 - Resource Loader Instantiated: org.apache.velocity.runtime.resource.loader.ClasspathResourceLoader
2015-03-27 21:17:43,969 - ClasspathResourceLoader : initialization starting.
2015-03-27 21:17:43,969 - ClasspathResourceLoader : initialization complete.
2015-03-27 21:17:43,971 - ResourceCache : initialized. (class org.apache.velocity.runtime.resource.ResourceCacheImpl)
2015-03-27 21:17:43,971 - Default ResourceManager initialization complete.
2015-03-27 21:17:43,972 - Loaded System Directive: org.apache.velocity.runtime.directive.Literal
2015-03-27 21:17:43,974 - Loaded System Directive: org.apache.velocity.runtime.directive.Macro
2015-03-27 21:17:43,976 - Loaded System Directive: org.apache.velocity.runtime.directive.Parse
2015-03-27 21:17:43,978 - Loaded System Directive: org.apache.velocity.runtime.directive.Include
2015-03-27 21:17:43,979 - Loaded System Directive: org.apache.velocity.runtime.directive.Foreach
2015-03-27 21:17:44,005 - Created: 20 parsers.
2015-03-27 21:17:44,011 - Velocimacro : initialization starting.
2015-03-27 21:17:44,011 - Velocimacro : adding VMs from VM library template : VM_global_library.vm
2015-03-27 21:17:44,017 - ResourceManager : unable to find resource 'VM_global_library.vm' in any resource loader.
2015-03-27 21:17:44,018 - Velocimacro : error using  VM library template VM_global_library.vm : org.apache.velocity.exception.ResourceNotFoundException: Unable to find resource 'VM_global_library.vm'
2015-03-27 21:17:44,018 - Velocimacro :  VM library template macro registration complete.
2015-03-27 21:17:44,018 - Velocimacro : allowInline = true : VMs can be defined inline in templates
2015-03-27 21:17:44,018 - Velocimacro : allowInlineToOverride = false : VMs defined inline may NOT replace previous VM definitions
2015-03-27 21:17:44,018 - Velocimacro : allowInlineLocal = false : VMs defined inline will be  global in scope if allowed.
2015-03-27 21:17:44,018 - Velocimacro : messages on  : VM system will output logging messages
2015-03-27 21:17:44,018 - Velocimacro : autoload off  : VM system will not automatically reload global library macros
2015-03-27 21:17:44,018 - Velocimacro : initialization complete.
2015-03-27 21:17:44,018 - Velocity successfully started.
2015-03-27 21:22:12,742 - SimpleLog4JLogSystem initialized using logfile 'velocity.log'
2015-03-27 21:22:12,743 - ************************************************************** 
2015-03-27 21:22:12,743 - Starting Jakarta Velocity v1.4
2015-03-27 21:22:12,743 - RuntimeInstance initializing.
2015-03-27 21:22:12,743 - Default Properties File: org/apache/velocity/runtime/defaults/velocity.properties
2015-03-27 21:22:12,743 - Trying to use logger class org.apache.velocity.runtime.log.SimpleLog4JLogSystem
2015-03-27 21:22:12,743 - Using logger class org.apache.velocity.runtime.log.SimpleLog4JLogSystem
2015-03-27 21:22:12,746 - Default ResourceManager initializing. (class org.apache.velocity.runtime.resource.ResourceManagerImpl)
2015-03-27 21:22:12,749 - Resource Loader Instantiated: org.apache.velocity.runtime.resource.loader.ClasspathResourceLoader
2015-03-27 21:22:12,749 - ClasspathResourceLoader : initialization starting.
2015-03-27 21:22:12,749 - ClasspathResourceLoader : initialization complete.
2015-03-27 21:22:12,750 - ResourceCache : initialized. (class org.apache.velocity.runtime.resource.ResourceCacheImpl)
2015-03-27 21:22:12,751 - Default ResourceManager initialization complete.
2015-03-27 21:22:12,752 - Loaded System Directive: org.apache.velocity.runtime.directive.Literal
2015-03-27 21:22:12,753 - Loaded System Directive: org.apache.velocity.runtime.directive.Macro
2015-03-27 21:22:12,756 - Loaded System Directive: org.apache.velocity.runtime.directive.Parse
2015-03-27 21:22:12,758 - Loaded System Directive: org.apache.velocity.runtime.directive.Include
2015-03-27 21:22:12,758 - Loaded System Directive: org.apache.velocity.runtime.directive.Foreach
2015-03-27 21:22:12,785 - Created: 20 parsers.
2015-03-27 21:22:12,792 - Velocimacro : initialization starting.
2015-03-27 21:22:12,792 - Velocimacro : adding VMs from VM library template : VM_global_library.vm
2015-03-27 21:22:12,798 - ResourceManager : unable to find resource 'VM_global_library.vm' in any resource loader.
2015-03-27 21:22:12,798 - Velocimacro : error using  VM library template VM_global_library.vm : org.apache.velocity.exception.ResourceNotFoundException: Unable to find resource 'VM_global_library.vm'
2015-03-27 21:22:12,798 - Velocimacro :  VM library template macro registration complete.
2015-03-27 21:22:12,798 - Velocimacro : allowInline = true : VMs can be defined inline in templates
2015-03-27 21:22:12,798 - Velocimacro : allowInlineToOverride = false : VMs defined inline may NOT replace previous VM definitions
2015-03-27 21:22:12,798 - Velocimacro : allowInlineLocal = false : VMs defined inline will be  global in scope if allowed.
2015-03-27 21:22:12,799 - Velocimacro : messages on  : VM system will output logging messages
2015-03-27 21:22:12,799 - Velocimacro : autoload off  : VM system will not automatically reload global library macros
2015-03-27 21:22:12,799 - Velocimacro : initialization complete.
2015-03-27 21:22:12,799 - Velocity successfully started.
2015-03-27 21:27:07,231 - SimpleLog4JLogSystem initialized using logfile 'velocity.log'
2015-03-27 21:27:07,232 - ************************************************************** 
2015-03-27 21:27:07,232 - Starting Jakarta Velocity v1.4
2015-03-27 21:27:07,232 - RuntimeInstance initializing.
2015-03-27 21:27:07,232 - Default Properties File: org/apache/velocity/runtime/defaults/velocity.properties
2015-03-27 21:27:07,232 - Trying to use logger class org.apache.velocity.runtime.log.SimpleLog4JLogSystem
2015-03-27 21:27:07,232 - Using logger class org.apache.velocity.runtime.log.SimpleLog4JLogSystem
2015-03-27 21:27:07,235 - Default ResourceManager initializing. (class org.apache.velocity.runtime.resource.ResourceManagerImpl)
2015-03-27 21:27:07,238 - Resource Loader Instantiated: org.apache.velocity.runtime.resource.loader.ClasspathResourceLoader
2015-03-27 21:27:07,238 - ClasspathResourceLoader : initialization starting.
2015-03-27 21:27:07,238 - ClasspathResourceLoader : initialization complete.
2015-03-27 21:27:07,239 - ResourceCache : initialized. (class org.apache.velocity.runtime.resource.ResourceCacheImpl)
2015-03-27 21:27:07,239 - Default ResourceManager initialization complete.
2015-03-27 21:27:07,240 - Loaded System Directive: org.apache.velocity.runtime.directive.Literal
2015-03-27 21:27:07,242 - Loaded System Directive: org.apache.velocity.runtime.directive.Macro
2015-03-27 21:27:07,245 - Loaded System Directive: org.apache.velocity.runtime.directive.Parse
2015-03-27 21:27:07,247 - Loaded System Directive: org.apache.velocity.runtime.directive.Include
2015-03-27 21:27:07,247 - Loaded System Directive: org.apache.velocity.runtime.directive.Foreach
2015-03-27 21:27:07,274 - Created: 20 parsers.
2015-03-27 21:27:07,280 - Velocimacro : initialization starting.
2015-03-27 21:27:07,280 - Velocimacro : adding VMs from VM library template : VM_global_library.vm
2015-03-27 21:27:07,287 - ResourceManager : unable to find resource 'VM_global_library.vm' in any resource loader.
2015-03-27 21:27:07,287 - Velocimacro : error using  VM library template VM_global_library.vm : org.apache.velocity.exception.ResourceNotFoundException: Unable to find resource 'VM_global_library.vm'
2015-03-27 21:27:07,287 - Velocimacro :  VM library template macro registration complete.
2015-03-27 21:27:07,287 - Velocimacro : allowInline = true : VMs can be defined inline in templates
2015-03-27 21:27:07,287 - Velocimacro : allowInlineToOverride = false : VMs defined inline may NOT replace previous VM definitions
2015-03-27 21:27:07,287 - Velocimacro : allowInlineLocal = false : VMs defined inline will be  global in scope if allowed.
2015-03-27 21:27:07,287 - Velocimacro : messages on  : VM system will output logging messages
2015-03-27 21:27:07,287 - Velocimacro : autoload off  : VM system will not automatically reload global library macros
2015-03-27 21:27:07,287 - Velocimacro : initialization complete.
2015-03-27 21:27:07,287 - Velocity successfully started.
2015-03-27 21:29:51,712 - SimpleLog4JLogSystem initialized using logfile 'velocity.log'
2015-03-27 21:29:51,712 - ************************************************************** 
2015-03-27 21:29:51,712 - Starting Jakarta Velocity v1.4
2015-03-27 21:29:51,712 - RuntimeInstance initializing.
2015-03-27 21:29:51,712 - Default Properties File: org/apache/velocity/runtime/defaults/velocity.properties
2015-03-27 21:29:51,712 - Trying to use logger class org.apache.velocity.runtime.log.SimpleLog4JLogSystem
2015-03-27 21:29:51,712 - Using logger class org.apache.velocity.runtime.log.SimpleLog4JLogSystem
2015-03-27 21:29:51,717 - Default ResourceManager initializing. (class org.apache.velocity.runtime.resource.ResourceManagerImpl)
2015-03-27 21:29:51,721 - Resource Loader Instantiated: org.apache.velocity.runtime.resource.loader.ClasspathResourceLoader
2015-03-27 21:29:51,721 - ClasspathResourceLoader : initialization starting.
2015-03-27 21:29:51,721 - ClasspathResourceLoader : initialization complete.
2015-03-27 21:29:51,723 - ResourceCache : initialized. (class org.apache.velocity.runtime.resource.ResourceCacheImpl)
2015-03-27 21:29:51,723 - Default ResourceManager initialization complete.
2015-03-27 21:29:51,725 - Loaded System Directive: org.apache.velocity.runtime.directive.Literal
2015-03-27 21:29:51,728 - Loaded System Directive: org.apache.velocity.runtime.directive.Macro
2015-03-27 21:29:51,731 - Loaded System Directive: org.apache.velocity.runtime.directive.Parse
2015-03-27 21:29:51,733 - Loaded System Directive: org.apache.velocity.runtime.directive.Include
2015-03-27 21:29:51,734 - Loaded System Directive: org.apache.velocity.runtime.directive.Foreach
2015-03-27 21:29:51,759 - Created: 20 parsers.
2015-03-27 21:29:51,766 - Velocimacro : initialization starting.
2015-03-27 21:29:51,766 - Velocimacro : adding VMs from VM library template : VM_global_library.vm
2015-03-27 21:29:51,772 - ResourceManager : unable to find resource 'VM_global_library.vm' in any resource loader.
2015-03-27 21:29:51,772 - Velocimacro : error using  VM library template VM_global_library.vm : org.apache.velocity.exception.ResourceNotFoundException: Unable to find resource 'VM_global_library.vm'
2015-03-27 21:29:51,773 - Velocimacro :  VM library template macro registration complete.
2015-03-27 21:29:51,773 - Velocimacro : allowInline = true : VMs can be defined inline in templates
2015-03-27 21:29:51,773 - Velocimacro : allowInlineToOverride = false : VMs defined inline may NOT replace previous VM definitions
2015-03-27 21:29:51,773 - Velocimacro : allowInlineLocal = false : VMs defined inline will be  global in scope if allowed.
2015-03-27 21:29:51,773 - Velocimacro : messages on  : VM system will output logging messages
2015-03-27 21:29:51,773 - Velocimacro : autoload off  : VM system will not automatically reload global library macros
2015-03-27 21:29:51,773 - Velocimacro : initialization complete.
2015-03-27 21:29:51,773 - Velocity successfully started.
2015-03-27 21:32:24,005 - SimpleLog4JLogSystem initialized using logfile 'velocity.log'
2015-03-27 21:32:24,006 - ************************************************************** 
2015-03-27 21:32:24,006 - Starting Jakarta Velocity v1.4
2015-03-27 21:32:24,006 - RuntimeInstance initializing.
2015-03-27 21:32:24,006 - Default Properties File: org/apache/velocity/runtime/defaults/velocity.properties
2015-03-27 21:32:24,006 - Trying to use logger class org.apache.velocity.runtime.log.SimpleLog4JLogSystem
2015-03-27 21:32:24,006 - Using logger class org.apache.velocity.runtime.log.SimpleLog4JLogSystem
2015-03-27 21:32:24,010 - Default ResourceManager initializing. (class org.apache.velocity.runtime.resource.ResourceManagerImpl)
2015-03-27 21:32:24,014 - Resource Loader Instantiated: org.apache.velocity.runtime.resource.loader.ClasspathResourceLoader
2015-03-27 21:32:24,014 - ClasspathResourceLoader : initialization starting.
2015-03-27 21:32:24,014 - ClasspathResourceLoader : initialization complete.
2015-03-27 21:32:24,016 - ResourceCache : initialized. (class org.apache.velocity.runtime.resource.ResourceCacheImpl)
2015-03-27 21:32:24,016 - Default ResourceManager initialization complete.
2015-03-27 21:32:24,018 - Loaded System Directive: org.apache.velocity.runtime.directive.Literal
2015-03-27 21:32:24,021 - Loaded System Directive: org.apache.velocity.runtime.directive.Macro
2015-03-27 21:32:24,024 - Loaded System Directive: org.apache.velocity.runtime.directive.Parse
2015-03-27 21:32:24,026 - Loaded System Directive: org.apache.velocity.runtime.directive.Include
2015-03-27 21:32:24,027 - Loaded System Directive: org.apache.velocity.runtime.directive.Foreach
2015-03-27 21:32:24,052 - Created: 20 parsers.
2015-03-27 21:32:24,058 - Velocimacro : initialization starting.
2015-03-27 21:32:24,059 - Velocimacro : adding VMs from VM library template : VM_global_library.vm
2015-03-27 21:32:24,064 - ResourceManager : unable to find resource 'VM_global_library.vm' in any resource loader.
2015-03-27 21:32:24,065 - Velocimacro : error using  VM library template VM_global_library.vm : org.apache.velocity.exception.ResourceNotFoundException: Unable to find resource 'VM_global_library.vm'
2015-03-27 21:32:24,065 - Velocimacro :  VM library template macro registration complete.
2015-03-27 21:32:24,065 - Velocimacro : allowInline = true : VMs can be defined inline in templates
2015-03-27 21:32:24,065 - Velocimacro : allowInlineToOverride = false : VMs defined inline may NOT replace previous VM definitions
2015-03-27 21:32:24,065 - Velocimacro : allowInlineLocal = false : VMs defined inline will be  global in scope if allowed.
2015-03-27 21:32:24,065 - Velocimacro : messages on  : VM system will output logging messages
2015-03-27 21:32:24,065 - Velocimacro : autoload off  : VM system will not automatically reload global library macros
2015-03-27 21:32:24,065 - Velocimacro : initialization complete.
2015-03-27 21:32:24,065 - Velocity successfully started.
2015-03-27 21:38:03,379 - SimpleLog4JLogSystem initialized using logfile 'velocity.log'
2015-03-27 21:38:03,379 - ************************************************************** 
2015-03-27 21:38:03,379 - Starting Jakarta Velocity v1.4
2015-03-27 21:38:03,379 - RuntimeInstance initializing.
2015-03-27 21:38:03,380 - Default Properties File: org/apache/velocity/runtime/defaults/velocity.properties
2015-03-27 21:38:03,380 - Trying to use logger class org.apache.velocity.runtime.log.SimpleLog4JLogSystem
2015-03-27 21:38:03,380 - Using logger class org.apache.velocity.runtime.log.SimpleLog4JLogSystem
2015-03-27 21:38:03,384 - Default ResourceManager initializing. (class org.apache.velocity.runtime.resource.ResourceManagerImpl)
2015-03-27 21:38:03,388 - Resource Loader Instantiated: org.apache.velocity.runtime.resource.loader.ClasspathResourceLoader
2015-03-27 21:38:03,388 - ClasspathResourceLoader : initialization starting.
2015-03-27 21:38:03,388 - ClasspathResourceLoader : initialization complete.
2015-03-27 21:38:03,390 - ResourceCache : initialized. (class org.apache.velocity.runtime.resource.ResourceCacheImpl)
2015-03-27 21:38:03,390 - Default ResourceManager initialization complete.
2015-03-27 21:38:03,392 - Loaded System Directive: org.apache.velocity.runtime.directive.Literal
2015-03-27 21:38:03,395 - Loaded System Directive: org.apache.velocity.runtime.directive.Macro
2015-03-27 21:38:03,398 - Loaded System Directive: org.apache.velocity.runtime.directive.Parse
2015-03-27 21:38:03,400 - Loaded System Directive: org.apache.velocity.runtime.directive.Include
2015-03-27 21:38:03,401 - Loaded System Directive: org.apache.velocity.runtime.directive.Foreach
2015-03-27 21:38:03,426 - Created: 20 parsers.
2015-03-27 21:38:03,433 - Velocimacro : initialization starting.
2015-03-27 21:38:03,433 - Velocimacro : adding VMs from VM library template : VM_global_library.vm
2015-03-27 21:38:03,439 - ResourceManager : unable to find resource 'VM_global_library.vm' in any resource loader.
2015-03-27 21:38:03,439 - Velocimacro : error using  VM library template VM_global_library.vm : org.apache.velocity.exception.ResourceNotFoundException: Unable to find resource 'VM_global_library.vm'
2015-03-27 21:38:03,439 - Velocimacro :  VM library template macro registration complete.
2015-03-27 21:38:03,439 - Velocimacro : allowInline = true : VMs can be defined inline in templates
2015-03-27 21:38:03,439 - Velocimacro : allowInlineToOverride = false : VMs defined inline may NOT replace previous VM definitions
2015-03-27 21:38:03,439 - Velocimacro : allowInlineLocal = false : VMs defined inline will be  global in scope if allowed.
2015-03-27 21:38:03,439 - Velocimacro : messages on  : VM system will output logging messages
2015-03-27 21:38:03,439 - Velocimacro : autoload off  : VM system will not automatically reload global library macros
2015-03-27 21:38:03,439 - Velocimacro : initialization complete.
2015-03-27 21:38:03,439 - Velocity successfully started.
2015-03-27 21:39:47,042 - SimpleLog4JLogSystem initialized using logfile 'velocity.log'
2015-03-27 21:39:47,042 - ************************************************************** 
2015-03-27 21:39:47,042 - Starting Jakarta Velocity v1.4
2015-03-27 21:39:47,042 - RuntimeInstance initializing.
2015-03-27 21:39:47,042 - Default Properties File: org/apache/velocity/runtime/defaults/velocity.properties
2015-03-27 21:39:47,043 - Trying to use logger class org.apache.velocity.runtime.log.SimpleLog4JLogSystem
2015-03-27 21:39:47,043 - Using logger class org.apache.velocity.runtime.log.SimpleLog4JLogSystem
2015-03-27 21:39:47,046 - Default ResourceManager initializing. (class org.apache.velocity.runtime.resource.ResourceManagerImpl)
2015-03-27 21:39:47,048 - Resource Loader Instantiated: org.apache.velocity.runtime.resource.loader.ClasspathResourceLoader
2015-03-27 21:39:47,048 - ClasspathResourceLoader : initialization starting.
2015-03-27 21:39:47,048 - ClasspathResourceLoader : initialization complete.
2015-03-27 21:39:47,050 - ResourceCache : initialized. (class org.apache.velocity.runtime.resource.ResourceCacheImpl)
2015-03-27 21:39:47,050 - Default ResourceManager initialization complete.
2015-03-27 21:39:47,051 - Loaded System Directive: org.apache.velocity.runtime.directive.Literal
2015-03-27 21:39:47,053 - Loaded System Directive: org.apache.velocity.runtime.directive.Macro
2015-03-27 21:39:47,055 - Loaded System Directive: org.apache.velocity.runtime.directive.Parse
2015-03-27 21:39:47,057 - Loaded System Directive: org.apache.velocity.runtime.directive.Include
2015-03-27 21:39:47,058 - Loaded System Directive: org.apache.velocity.runtime.directive.Foreach
2015-03-27 21:39:47,084 - Created: 20 parsers.
2015-03-27 21:39:47,090 - Velocimacro : initialization starting.
2015-03-27 21:39:47,091 - Velocimacro : adding VMs from VM library template : VM_global_library.vm
2015-03-27 21:39:47,097 - ResourceManager : unable to find resource 'VM_global_library.vm' in any resource loader.
2015-03-27 21:39:47,097 - Velocimacro : error using  VM library template VM_global_library.vm : org.apache.velocity.exception.ResourceNotFoundException: Unable to find resource 'VM_global_library.vm'
2015-03-27 21:39:47,097 - Velocimacro :  VM library template macro registration complete.
2015-03-27 21:39:47,097 - Velocimacro : allowInline = true : VMs can be defined inline in templates
2015-03-27 21:39:47,097 - Velocimacro : allowInlineToOverride = false : VMs defined inline may NOT replace previous VM definitions
2015-03-27 21:39:47,097 - Velocimacro : allowInlineLocal = false : VMs defined inline will be  global in scope if allowed.
2015-03-27 21:39:47,097 - Velocimacro : messages on  : VM system will output logging messages
2015-03-27 21:39:47,097 - Velocimacro : autoload off  : VM system will not automatically reload global library macros
2015-03-27 21:39:47,097 - Velocimacro : initialization complete.
2015-03-27 21:39:47,097 - Velocity successfully started.
2015-03-27 21:49:02,110 - SimpleLog4JLogSystem initialized using logfile 'velocity.log'
2015-03-27 21:49:02,110 - ************************************************************** 
2015-03-27 21:49:02,110 - Starting Jakarta Velocity v1.4
2015-03-27 21:49:02,110 - RuntimeInstance initializing.
2015-03-27 21:49:02,110 - Default Properties File: org/apache/velocity/runtime/defaults/velocity.properties
2015-03-27 21:49:02,111 - Trying to use logger class org.apache.velocity.runtime.log.SimpleLog4JLogSystem
2015-03-27 21:49:02,111 - Using logger class org.apache.velocity.runtime.log.SimpleLog4JLogSystem
2015-03-27 21:49:02,113 - Default ResourceManager initializing. (class org.apache.velocity.runtime.resource.ResourceManagerImpl)
2015-03-27 21:49:02,115 - Resource Loader Instantiated: org.apache.velocity.runtime.resource.loader.ClasspathResourceLoader
2015-03-27 21:49:02,115 - ClasspathResourceLoader : initialization starting.
2015-03-27 21:49:02,115 - ClasspathResourceLoader : initialization complete.
2015-03-27 21:49:02,116 - ResourceCache : initialized. (class org.apache.velocity.runtime.resource.ResourceCacheImpl)
2015-03-27 21:49:02,116 - Default ResourceManager initialization complete.
2015-03-27 21:49:02,117 - Loaded System Directive: org.apache.velocity.runtime.directive.Literal
2015-03-27 21:49:02,118 - Loaded System Directive: org.apache.velocity.runtime.directive.Macro
2015-03-27 21:49:02,120 - Loaded System Directive: org.apache.velocity.runtime.directive.Parse
2015-03-27 21:49:02,121 - Loaded System Directive: org.apache.velocity.runtime.directive.Include
2015-03-27 21:49:02,122 - Loaded System Directive: org.apache.velocity.runtime.directive.Foreach
2015-03-27 21:49:02,148 - Created: 20 parsers.
2015-03-27 21:49:02,152 - Velocimacro : initialization starting.
2015-03-27 21:49:02,152 - Velocimacro : adding VMs from VM library template : VM_global_library.vm
2015-03-27 21:49:02,155 - ResourceManager : unable to find resource 'VM_global_library.vm' in any resource loader.
2015-03-27 21:49:02,155 - Velocimacro : error using  VM library template VM_global_library.vm : org.apache.velocity.exception.ResourceNotFoundException: Unable to find resource 'VM_global_library.vm'
2015-03-27 21:49:02,156 - Velocimacro :  VM library template macro registration complete.
2015-03-27 21:49:02,156 - Velocimacro : allowInline = true : VMs can be defined inline in templates
2015-03-27 21:49:02,156 - Velocimacro : allowInlineToOverride = false : VMs defined inline may NOT replace previous VM definitions
2015-03-27 21:49:02,156 - Velocimacro : allowInlineLocal = false : VMs defined inline will be  global in scope if allowed.
2015-03-27 21:49:02,156 - Velocimacro : messages on  : VM system will output logging messages
2015-03-27 21:49:02,156 - Velocimacro : autoload off  : VM system will not automatically reload global library macros
2015-03-27 21:49:02,156 - Velocimacro : initialization complete.
2015-03-27 21:49:02,156 - Velocity successfully started.
2015-03-27 21:51:26,923 - SimpleLog4JLogSystem initialized using logfile 'velocity.log'
2015-03-27 21:51:26,924 - ************************************************************** 
2015-03-27 21:51:26,924 - Starting Jakarta Velocity v1.4
2015-03-27 21:51:26,924 - RuntimeInstance initializing.
2015-03-27 21:51:26,924 - Default Properties File: org/apache/velocity/runtime/defaults/velocity.properties
2015-03-27 21:51:26,924 - Trying to use logger class org.apache.velocity.runtime.log.SimpleLog4JLogSystem
2015-03-27 21:51:26,924 - Using logger class org.apache.velocity.runtime.log.SimpleLog4JLogSystem
2015-03-27 21:51:26,926 - Default ResourceManager initializing. (class org.apache.velocity.runtime.resource.ResourceManagerImpl)
2015-03-27 21:51:26,928 - Resource Loader Instantiated: org.apache.velocity.runtime.resource.loader.ClasspathResourceLoader
2015-03-27 21:51:26,928 - ClasspathResourceLoader : initialization starting.
2015-03-27 21:51:26,928 - ClasspathResourceLoader : initialization complete.
2015-03-27 21:51:26,929 - ResourceCache : initialized. (class org.apache.velocity.runtime.resource.ResourceCacheImpl)
2015-03-27 21:51:26,929 - Default ResourceManager initialization complete.
2015-03-27 21:51:26,930 - Loaded System Directive: org.apache.velocity.runtime.directive.Literal
2015-03-27 21:51:26,931 - Loaded System Directive: org.apache.velocity.runtime.directive.Macro
2015-03-27 21:51:26,933 - Loaded System Directive: org.apache.velocity.runtime.directive.Parse
2015-03-27 21:51:26,934 - Loaded System Directive: org.apache.velocity.runtime.directive.Include
2015-03-27 21:51:26,935 - Loaded System Directive: org.apache.velocity.runtime.directive.Foreach
2015-03-27 21:51:26,957 - Created: 20 parsers.
2015-03-27 21:51:26,961 - Velocimacro : initialization starting.
2015-03-27 21:51:26,961 - Velocimacro : adding VMs from VM library template : VM_global_library.vm
2015-03-27 21:51:26,964 - ResourceManager : unable to find resource 'VM_global_library.vm' in any resource loader.
2015-03-27 21:51:26,964 - Velocimacro : error using  VM library template VM_global_library.vm : org.apache.velocity.exception.ResourceNotFoundException: Unable to find resource 'VM_global_library.vm'
2015-03-27 21:51:26,964 - Velocimacro :  VM library template macro registration complete.
2015-03-27 21:51:26,964 - Velocimacro : allowInline = true : VMs can be defined inline in templates
2015-03-27 21:51:26,964 - Velocimacro : allowInlineToOverride = false : VMs defined inline may NOT replace previous VM definitions
2015-03-27 21:51:26,964 - Velocimacro : allowInlineLocal = false : VMs defined inline will be  global in scope if allowed.
2015-03-27 21:51:26,964 - Velocimacro : messages on  : VM system will output logging messages
2015-03-27 21:51:26,964 - Velocimacro : autoload off  : VM system will not automatically reload global library macros
2015-03-27 21:51:26,965 - Velocimacro : initialization complete.
2015-03-27 21:51:26,965 - Velocity successfully started.
2015-03-27 21:52:58,433 - SimpleLog4JLogSystem initialized using logfile 'velocity.log'
2015-03-27 21:52:58,433 - ************************************************************** 
2015-03-27 21:52:58,434 - Starting Jakarta Velocity v1.4
2015-03-27 21:52:58,434 - RuntimeInstance initializing.
2015-03-27 21:52:58,434 - Default Properties File: org/apache/velocity/runtime/defaults/velocity.properties
2015-03-27 21:52:58,434 - Trying to use logger class org.apache.velocity.runtime.log.SimpleLog4JLogSystem
2015-03-27 21:52:58,434 - Using logger class org.apache.velocity.runtime.log.SimpleLog4JLogSystem
2015-03-27 21:52:58,436 - Default ResourceManager initializing. (class org.apache.velocity.runtime.resource.ResourceManagerImpl)
2015-03-27 21:52:58,438 - Resource Loader Instantiated: org.apache.velocity.runtime.resource.loader.ClasspathResourceLoader
2015-03-27 21:52:58,438 - ClasspathResourceLoader : initialization starting.
2015-03-27 21:52:58,438 - ClasspathResourceLoader : initialization complete.
2015-03-27 21:52:58,439 - ResourceCache : initialized. (class org.apache.velocity.runtime.resource.ResourceCacheImpl)
2015-03-27 21:52:58,439 - Default ResourceManager initialization complete.
2015-03-27 21:52:58,440 - Loaded System Directive: org.apache.velocity.runtime.directive.Literal
2015-03-27 21:52:58,442 - Loaded System Directive: org.apache.velocity.runtime.directive.Macro
2015-03-27 21:52:58,443 - Loaded System Directive: org.apache.velocity.runtime.directive.Parse
2015-03-27 21:52:58,445 - Loaded System Directive: org.apache.velocity.runtime.directive.Include
2015-03-27 21:52:58,445 - Loaded System Directive: org.apache.velocity.runtime.directive.Foreach
2015-03-27 21:52:58,468 - Created: 20 parsers.
2015-03-27 21:52:58,472 - Velocimacro : initialization starting.
2015-03-27 21:52:58,473 - Velocimacro : adding VMs from VM library template : VM_global_library.vm
2015-03-27 21:52:58,476 - ResourceManager : unable to find resource 'VM_global_library.vm' in any resource loader.
2015-03-27 21:52:58,476 - Velocimacro : error using  VM library template VM_global_library.vm : org.apache.velocity.exception.ResourceNotFoundException: Unable to find resource 'VM_global_library.vm'
2015-03-27 21:52:58,476 - Velocimacro :  VM library template macro registration complete.
2015-03-27 21:52:58,476 - Velocimacro : allowInline = true : VMs can be defined inline in templates
2015-03-27 21:52:58,476 - Velocimacro : allowInlineToOverride = false : VMs defined inline may NOT replace previous VM definitions
2015-03-27 21:52:58,476 - Velocimacro : allowInlineLocal = false : VMs defined inline will be  global in scope if allowed.
2015-03-27 21:52:58,476 - Velocimacro : messages on  : VM system will output logging messages
2015-03-27 21:52:58,476 - Velocimacro : autoload off  : VM system will not automatically reload global library macros
2015-03-27 21:52:58,476 - Velocimacro : initialization complete.
2015-03-27 21:52:58,476 - Velocity successfully started.
2015-03-27 22:00:11,190 - SimpleLog4JLogSystem initialized using logfile 'velocity.log'
2015-03-27 22:00:11,191 - ************************************************************** 
2015-03-27 22:00:11,191 - Starting Jakarta Velocity v1.4
2015-03-27 22:00:11,191 - RuntimeInstance initializing.
2015-03-27 22:00:11,191 - Default Properties File: org/apache/velocity/runtime/defaults/velocity.properties
2015-03-27 22:00:11,191 - Trying to use logger class org.apache.velocity.runtime.log.SimpleLog4JLogSystem
2015-03-27 22:00:11,191 - Using logger class org.apache.velocity.runtime.log.SimpleLog4JLogSystem
2015-03-27 22:00:11,194 - Default ResourceManager initializing. (class org.apache.velocity.runtime.resource.ResourceManagerImpl)
2015-03-27 22:00:11,196 - Resource Loader Instantiated: org.apache.velocity.runtime.resource.loader.ClasspathResourceLoader
2015-03-27 22:00:11,197 - ClasspathResourceLoader : initialization starting.
2015-03-27 22:00:11,197 - ClasspathResourceLoader : initialization complete.
2015-03-27 22:00:11,198 - ResourceCache : initialized. (class org.apache.velocity.runtime.resource.ResourceCacheImpl)
2015-03-27 22:00:11,198 - Default ResourceManager initialization complete.
2015-03-27 22:00:11,199 - Loaded System Directive: org.apache.velocity.runtime.directive.Literal
2015-03-27 22:00:11,201 - Loaded System Directive: org.apache.velocity.runtime.directive.Macro
2015-03-27 22:00:11,203 - Loaded System Directive: org.apache.velocity.runtime.directive.Parse
2015-03-27 22:00:11,205 - Loaded System Directive: org.apache.velocity.runtime.directive.Include
2015-03-27 22:00:11,206 - Loaded System Directive: org.apache.velocity.runtime.directive.Foreach
2015-03-27 22:00:11,232 - Created: 20 parsers.
2015-03-27 22:00:11,238 - Velocimacro : initialization starting.
2015-03-27 22:00:11,238 - Velocimacro : adding VMs from VM library template : VM_global_library.vm
2015-03-27 22:00:11,245 - ResourceManager : unable to find resource 'VM_global_library.vm' in any resource loader.
2015-03-27 22:00:11,245 - Velocimacro : error using  VM library template VM_global_library.vm : org.apache.velocity.exception.ResourceNotFoundException: Unable to find resource 'VM_global_library.vm'
2015-03-27 22:00:11,245 - Velocimacro :  VM library template macro registration complete.
2015-03-27 22:00:11,245 - Velocimacro : allowInline = true : VMs can be defined inline in templates
2015-03-27 22:00:11,245 - Velocimacro : allowInlineToOverride = false : VMs defined inline may NOT replace previous VM definitions
2015-03-27 22:00:11,245 - Velocimacro : allowInlineLocal = false : VMs defined inline will be  global in scope if allowed.
2015-03-27 22:00:11,245 - Velocimacro : messages on  : VM system will output logging messages
2015-03-27 22:00:11,245 - Velocimacro : autoload off  : VM system will not automatically reload global library macros
2015-03-27 22:00:11,245 - Velocimacro : initialization complete.
2015-03-27 22:00:11,245 - Velocity successfully started.
2015-03-27 22:11:53,859 - SimpleLog4JLogSystem initialized using logfile 'velocity.log'
2015-03-27 22:11:53,859 - ************************************************************** 
2015-03-27 22:11:53,860 - Starting Jakarta Velocity v1.4
2015-03-27 22:11:53,860 - RuntimeInstance initializing.
2015-03-27 22:11:53,860 - Default Properties File: org/apache/velocity/runtime/defaults/velocity.properties
2015-03-27 22:11:53,860 - Trying to use logger class org.apache.velocity.runtime.log.SimpleLog4JLogSystem
2015-03-27 22:11:53,860 - Using logger class org.apache.velocity.runtime.log.SimpleLog4JLogSystem
2015-03-27 22:11:53,862 - Default ResourceManager initializing. (class org.apache.velocity.runtime.resource.ResourceManagerImpl)
2015-03-27 22:11:53,864 - Resource Loader Instantiated: org.apache.velocity.runtime.resource.loader.ClasspathResourceLoader
2015-03-27 22:11:53,864 - ClasspathResourceLoader : initialization starting.
2015-03-27 22:11:53,864 - ClasspathResourceLoader : initialization complete.
2015-03-27 22:11:53,865 - ResourceCache : initialized. (class org.apache.velocity.runtime.resource.ResourceCacheImpl)
2015-03-27 22:11:53,865 - Default ResourceManager initialization complete.
2015-03-27 22:11:53,866 - Loaded System Directive: org.apache.velocity.runtime.directive.Literal
2015-03-27 22:11:53,867 - Loaded System Directive: org.apache.velocity.runtime.directive.Macro
2015-03-27 22:11:53,869 - Loaded System Directive: org.apache.velocity.runtime.directive.Parse
2015-03-27 22:11:53,870 - Loaded System Directive: org.apache.velocity.runtime.directive.Include
2015-03-27 22:11:53,871 - Loaded System Directive: org.apache.velocity.runtime.directive.Foreach
2015-03-27 22:11:53,893 - Created: 20 parsers.
2015-03-27 22:11:53,897 - Velocimacro : initialization starting.
2015-03-27 22:11:53,897 - Velocimacro : adding VMs from VM library template : VM_global_library.vm
2015-03-27 22:11:53,900 - ResourceManager : unable to find resource 'VM_global_library.vm' in any resource loader.
2015-03-27 22:11:53,900 - Velocimacro : error using  VM library template VM_global_library.vm : org.apache.velocity.exception.ResourceNotFoundException: Unable to find resource 'VM_global_library.vm'
2015-03-27 22:11:53,900 - Velocimacro :  VM library template macro registration complete.
2015-03-27 22:11:53,900 - Velocimacro : allowInline = true : VMs can be defined inline in templates
2015-03-27 22:11:53,901 - Velocimacro : allowInlineToOverride = false : VMs defined inline may NOT replace previous VM definitions
2015-03-27 22:11:53,901 - Velocimacro : allowInlineLocal = false : VMs defined inline will be  global in scope if allowed.
2015-03-27 22:11:53,901 - Velocimacro : messages on  : VM system will output logging messages
2015-03-27 22:11:53,901 - Velocimacro : autoload off  : VM system will not automatically reload global library macros
2015-03-27 22:11:53,901 - Velocimacro : initialization complete.
2015-03-27 22:11:53,901 - Velocity successfully started.
2015-03-29 19:46:47,439 - SimpleLog4JLogSystem initialized using logfile 'velocity.log'
2015-03-29 19:46:47,439 - ************************************************************** 
2015-03-29 19:46:47,439 - Starting Jakarta Velocity v1.4
2015-03-29 19:46:47,439 - RuntimeInstance initializing.
2015-03-29 19:46:47,439 - Default Properties File: org/apache/velocity/runtime/defaults/velocity.properties
2015-03-29 19:46:47,439 - Trying to use logger class org.apache.velocity.runtime.log.SimpleLog4JLogSystem
2015-03-29 19:46:47,439 - Using logger class org.apache.velocity.runtime.log.SimpleLog4JLogSystem
2015-03-29 19:46:47,469 - Default ResourceManager initializing. (class org.apache.velocity.runtime.resource.ResourceManagerImpl)
2015-03-29 19:46:47,471 - Resource Loader Instantiated: org.apache.velocity.runtime.resource.loader.ClasspathResourceLoader
2015-03-29 19:46:47,471 - ClasspathResourceLoader : initialization starting.
2015-03-29 19:46:47,471 - ClasspathResourceLoader : initialization complete.
2015-03-29 19:46:47,472 - ResourceCache : initialized. (class org.apache.velocity.runtime.resource.ResourceCacheImpl)
2015-03-29 19:46:47,472 - Default ResourceManager initialization complete.
2015-03-29 19:46:47,473 - Loaded System Directive: org.apache.velocity.runtime.directive.Literal
2015-03-29 19:46:47,474 - Loaded System Directive: org.apache.velocity.runtime.directive.Macro
2015-03-29 19:46:47,476 - Loaded System Directive: org.apache.velocity.runtime.directive.Parse
2015-03-29 19:46:47,478 - Loaded System Directive: org.apache.velocity.runtime.directive.Include
2015-03-29 19:46:47,479 - Loaded System Directive: org.apache.velocity.runtime.directive.Foreach
2015-03-29 19:46:47,501 - Created: 20 parsers.
2015-03-29 19:46:47,506 - Velocimacro : initialization starting.
2015-03-29 19:46:47,506 - Velocimacro : adding VMs from VM library template : VM_global_library.vm
2015-03-29 19:46:47,509 - ResourceManager : unable to find resource 'VM_global_library.vm' in any resource loader.
2015-03-29 19:46:47,509 - Velocimacro : error using  VM library template VM_global_library.vm : org.apache.velocity.exception.ResourceNotFoundException: Unable to find resource 'VM_global_library.vm'
2015-03-29 19:46:47,509 - Velocimacro :  VM library template macro registration complete.
2015-03-29 19:46:47,509 - Velocimacro : allowInline = true : VMs can be defined inline in templates
2015-03-29 19:46:47,509 - Velocimacro : allowInlineToOverride = false : VMs defined inline may NOT replace previous VM definitions
2015-03-29 19:46:47,510 - Velocimacro : allowInlineLocal = false : VMs defined inline will be  global in scope if allowed.
2015-03-29 19:46:47,510 - Velocimacro : messages on  : VM system will output logging messages
2015-03-29 19:46:47,510 - Velocimacro : autoload off  : VM system will not automatically reload global library macros
2015-03-29 19:46:47,510 - Velocimacro : initialization complete.
2015-03-29 19:46:47,510 - Velocity successfully started.
2015-03-29 19:47:37,201 - SimpleLog4JLogSystem initialized using logfile 'velocity.log'
2015-03-29 19:47:37,201 - ************************************************************** 
2015-03-29 19:47:37,201 - Starting Jakarta Velocity v1.4
2015-03-29 19:47:37,201 - RuntimeInstance initializing.
2015-03-29 19:47:37,201 - Default Properties File: org/apache/velocity/runtime/defaults/velocity.properties
2015-03-29 19:47:37,201 - Trying to use logger class org.apache.velocity.runtime.log.SimpleLog4JLogSystem
2015-03-29 19:47:37,201 - Using logger class org.apache.velocity.runtime.log.SimpleLog4JLogSystem
2015-03-29 19:47:37,203 - Default ResourceManager initializing. (class org.apache.velocity.runtime.resource.ResourceManagerImpl)
2015-03-29 19:47:37,205 - Resource Loader Instantiated: org.apache.velocity.runtime.resource.loader.ClasspathResourceLoader
2015-03-29 19:47:37,205 - ClasspathResourceLoader : initialization starting.
2015-03-29 19:47:37,205 - ClasspathResourceLoader : initialization complete.
2015-03-29 19:47:37,206 - ResourceCache : initialized. (class org.apache.velocity.runtime.resource.ResourceCacheImpl)
2015-03-29 19:47:37,206 - Default ResourceManager initialization complete.
2015-03-29 19:47:37,207 - Loaded System Directive: org.apache.velocity.runtime.directive.Literal
2015-03-29 19:47:37,209 - Loaded System Directive: org.apache.velocity.runtime.directive.Macro
2015-03-29 19:47:37,210 - Loaded System Directive: org.apache.velocity.runtime.directive.Parse
2015-03-29 19:47:37,212 - Loaded System Directive: org.apache.velocity.runtime.directive.Include
2015-03-29 19:47:37,213 - Loaded System Directive: org.apache.velocity.runtime.directive.Foreach
2015-03-29 19:47:37,235 - Created: 20 parsers.
2015-03-29 19:47:37,241 - Velocimacro : initialization starting.
2015-03-29 19:47:37,241 - Velocimacro : adding VMs from VM library template : VM_global_library.vm
2015-03-29 19:47:37,246 - ResourceManager : unable to find resource 'VM_global_library.vm' in any resource loader.
2015-03-29 19:47:37,246 - Velocimacro : error using  VM library template VM_global_library.vm : org.apache.velocity.exception.ResourceNotFoundException: Unable to find resource 'VM_global_library.vm'
2015-03-29 19:47:37,246 - Velocimacro :  VM library template macro registration complete.
2015-03-29 19:47:37,246 - Velocimacro : allowInline = true : VMs can be defined inline in templates
2015-03-29 19:47:37,247 - Velocimacro : allowInlineToOverride = false : VMs defined inline may NOT replace previous VM definitions
2015-03-29 19:47:37,247 - Velocimacro : allowInlineLocal = false : VMs defined inline will be  global in scope if allowed.
2015-03-29 19:47:37,247 - Velocimacro : messages on  : VM system will output logging messages
2015-03-29 19:47:37,247 - Velocimacro : autoload off  : VM system will not automatically reload global library macros
2015-03-29 19:47:37,247 - Velocimacro : initialization complete.
2015-03-29 19:47:37,247 - Velocity successfully started.
2015-03-29 19:49:14,226 - SimpleLog4JLogSystem initialized using logfile 'velocity.log'
2015-03-29 19:49:14,226 - ************************************************************** 
2015-03-29 19:49:14,226 - Starting Jakarta Velocity v1.4
2015-03-29 19:49:14,226 - RuntimeInstance initializing.
2015-03-29 19:49:14,226 - Default Properties File: org/apache/velocity/runtime/defaults/velocity.properties
2015-03-29 19:49:14,226 - Trying to use logger class org.apache.velocity.runtime.log.SimpleLog4JLogSystem
2015-03-29 19:49:14,226 - Using logger class org.apache.velocity.runtime.log.SimpleLog4JLogSystem
2015-03-29 19:49:14,231 - Default ResourceManager initializing. (class org.apache.velocity.runtime.resource.ResourceManagerImpl)
2015-03-29 19:49:14,235 - Resource Loader Instantiated: org.apache.velocity.runtime.resource.loader.ClasspathResourceLoader
2015-03-29 19:49:14,235 - ClasspathResourceLoader : initialization starting.
2015-03-29 19:49:14,235 - ClasspathResourceLoader : initialization complete.
2015-03-29 19:49:14,237 - ResourceCache : initialized. (class org.apache.velocity.runtime.resource.ResourceCacheImpl)
2015-03-29 19:49:14,237 - Default ResourceManager initialization complete.
2015-03-29 19:49:14,240 - Loaded System Directive: org.apache.velocity.runtime.directive.Literal
2015-03-29 19:49:14,242 - Loaded System Directive: org.apache.velocity.runtime.directive.Macro
2015-03-29 19:49:14,246 - Loaded System Directive: org.apache.velocity.runtime.directive.Parse
2015-03-29 19:49:14,248 - Loaded System Directive: org.apache.velocity.runtime.directive.Include
2015-03-29 19:49:14,249 - Loaded System Directive: org.apache.velocity.runtime.directive.Foreach
2015-03-29 19:49:14,275 - Created: 20 parsers.
2015-03-29 19:49:14,282 - Velocimacro : initialization starting.
2015-03-29 19:49:14,282 - Velocimacro : adding VMs from VM library template : VM_global_library.vm
2015-03-29 19:49:14,288 - ResourceManager : unable to find resource 'VM_global_library.vm' in any resource loader.
2015-03-29 19:49:14,289 - Velocimacro : error using  VM library template VM_global_library.vm : org.apache.velocity.exception.ResourceNotFoundException: Unable to find resource 'VM_global_library.vm'
2015-03-29 19:49:14,289 - Velocimacro :  VM library template macro registration complete.
2015-03-29 19:49:14,289 - Velocimacro : allowInline = true : VMs can be defined inline in templates
2015-03-29 19:49:14,289 - Velocimacro : allowInlineToOverride = false : VMs defined inline may NOT replace previous VM definitions
2015-03-29 19:49:14,289 - Velocimacro : allowInlineLocal = false : VMs defined inline will be  global in scope if allowed.
2015-03-29 19:49:14,289 - Velocimacro : messages on  : VM system will output logging messages
2015-03-29 19:49:14,289 - Velocimacro : autoload off  : VM system will not automatically reload global library macros
2015-03-29 19:49:14,289 - Velocimacro : initialization complete.
2015-03-29 19:49:14,289 - Velocity successfully started.
2015-03-29 20:03:59,958 - SimpleLog4JLogSystem initialized using logfile 'velocity.log'
2015-03-29 20:03:59,958 - ************************************************************** 
2015-03-29 20:03:59,959 - Starting Jakarta Velocity v1.4
2015-03-29 20:03:59,959 - RuntimeInstance initializing.
2015-03-29 20:03:59,959 - Default Properties File: org/apache/velocity/runtime/defaults/velocity.properties
2015-03-29 20:03:59,959 - Trying to use logger class org.apache.velocity.runtime.log.SimpleLog4JLogSystem
2015-03-29 20:03:59,959 - Using logger class org.apache.velocity.runtime.log.SimpleLog4JLogSystem
2015-03-29 20:03:59,962 - Default ResourceManager initializing. (class org.apache.velocity.runtime.resource.ResourceManagerImpl)
2015-03-29 20:03:59,965 - Resource Loader Instantiated: org.apache.velocity.runtime.resource.loader.ClasspathResourceLoader
2015-03-29 20:03:59,965 - ClasspathResourceLoader : initialization starting.
2015-03-29 20:03:59,966 - ClasspathResourceLoader : initialization complete.
2015-03-29 20:03:59,967 - ResourceCache : initialized. (class org.apache.velocity.runtime.resource.ResourceCacheImpl)
2015-03-29 20:03:59,967 - Default ResourceManager initialization complete.
2015-03-29 20:03:59,969 - Loaded System Directive: org.apache.velocity.runtime.directive.Literal
2015-03-29 20:03:59,970 - Loaded System Directive: org.apache.velocity.runtime.directive.Macro
2015-03-29 20:03:59,973 - Loaded System Directive: org.apache.velocity.runtime.directive.Parse
2015-03-29 20:03:59,974 - Loaded System Directive: org.apache.velocity.runtime.directive.Include
2015-03-29 20:03:59,975 - Loaded System Directive: org.apache.velocity.runtime.directive.Foreach
2015-03-29 20:04:00,004 - Created: 20 parsers.
2015-03-29 20:04:00,008 - Velocimacro : initialization starting.
2015-03-29 20:04:00,008 - Velocimacro : adding VMs from VM library template : VM_global_library.vm
2015-03-29 20:04:00,012 - ResourceManager : unable to find resource 'VM_global_library.vm' in any resource loader.
2015-03-29 20:04:00,012 - Velocimacro : error using  VM library template VM_global_library.vm : org.apache.velocity.exception.ResourceNotFoundException: Unable to find resource 'VM_global_library.vm'
2015-03-29 20:04:00,012 - Velocimacro :  VM library template macro registration complete.
2015-03-29 20:04:00,012 - Velocimacro : allowInline = true : VMs can be defined inline in templates
2015-03-29 20:04:00,012 - Velocimacro : allowInlineToOverride = false : VMs defined inline may NOT replace previous VM definitions
2015-03-29 20:04:00,012 - Velocimacro : allowInlineLocal = false : VMs defined inline will be  global in scope if allowed.
2015-03-29 20:04:00,012 - Velocimacro : messages on  : VM system will output logging messages
2015-03-29 20:04:00,012 - Velocimacro : autoload off  : VM system will not automatically reload global library macros
2015-03-29 20:04:00,012 - Velocimacro : initialization complete.
2015-03-29 20:04:00,012 - Velocity successfully started.
2015-03-29 20:05:32,257 - SimpleLog4JLogSystem initialized using logfile 'velocity.log'
2015-03-29 20:05:32,257 - ************************************************************** 
2015-03-29 20:05:32,257 - Starting Jakarta Velocity v1.4
2015-03-29 20:05:32,257 - RuntimeInstance initializing.
2015-03-29 20:05:32,257 - Default Properties File: org/apache/velocity/runtime/defaults/velocity.properties
2015-03-29 20:05:32,257 - Trying to use logger class org.apache.velocity.runtime.log.SimpleLog4JLogSystem
2015-03-29 20:05:32,257 - Using logger class org.apache.velocity.runtime.log.SimpleLog4JLogSystem
2015-03-29 20:05:32,260 - Default ResourceManager initializing. (class org.apache.velocity.runtime.resource.ResourceManagerImpl)
2015-03-29 20:05:32,262 - Resource Loader Instantiated: org.apache.velocity.runtime.resource.loader.ClasspathResourceLoader
2015-03-29 20:05:32,262 - ClasspathResourceLoader : initialization starting.
2015-03-29 20:05:32,262 - ClasspathResourceLoader : initialization complete.
2015-03-29 20:05:32,263 - ResourceCache : initialized. (class org.apache.velocity.runtime.resource.ResourceCacheImpl)
2015-03-29 20:05:32,263 - Default ResourceManager initialization complete.
2015-03-29 20:05:32,264 - Loaded System Directive: org.apache.velocity.runtime.directive.Literal
2015-03-29 20:05:32,265 - Loaded System Directive: org.apache.velocity.runtime.directive.Macro
2015-03-29 20:05:32,267 - Loaded System Directive: org.apache.velocity.runtime.directive.Parse
2015-03-29 20:05:32,268 - Loaded System Directive: org.apache.velocity.runtime.directive.Include
2015-03-29 20:05:32,270 - Loaded System Directive: org.apache.velocity.runtime.directive.Foreach
2015-03-29 20:05:32,294 - Created: 20 parsers.
2015-03-29 20:05:32,299 - Velocimacro : initialization starting.
2015-03-29 20:05:32,299 - Velocimacro : adding VMs from VM library template : VM_global_library.vm
2015-03-29 20:05:32,303 - ResourceManager : unable to find resource 'VM_global_library.vm' in any resource loader.
2015-03-29 20:05:32,303 - Velocimacro : error using  VM library template VM_global_library.vm : org.apache.velocity.exception.ResourceNotFoundException: Unable to find resource 'VM_global_library.vm'
2015-03-29 20:05:32,303 - Velocimacro :  VM library template macro registration complete.
2015-03-29 20:05:32,303 - Velocimacro : allowInline = true : VMs can be defined inline in templates
2015-03-29 20:05:32,303 - Velocimacro : allowInlineToOverride = false : VMs defined inline may NOT replace previous VM definitions
2015-03-29 20:05:32,303 - Velocimacro : allowInlineLocal = false : VMs defined inline will be  global in scope if allowed.
2015-03-29 20:05:32,303 - Velocimacro : messages on  : VM system will output logging messages
2015-03-29 20:05:32,303 - Velocimacro : autoload off  : VM system will not automatically reload global library macros
2015-03-29 20:05:32,303 - Velocimacro : initialization complete.
2015-03-29 20:05:32,303 - Velocity successfully started.
2015-04-10 16:28:29,518 - SimpleLog4JLogSystem initialized using logfile 'velocity.log'
2015-04-10 16:28:29,521 - ************************************************************** 
2015-04-10 16:28:29,521 - Starting Jakarta Velocity v1.4
2015-04-10 16:28:29,521 - RuntimeInstance initializing.
2015-04-10 16:28:29,522 - Default Properties File: org\apache\velocity\runtime\defaults\velocity.properties
2015-04-10 16:28:29,522 - Trying to use logger class org.apache.velocity.runtime.log.SimpleLog4JLogSystem
2015-04-10 16:28:29,522 - Using logger class org.apache.velocity.runtime.log.SimpleLog4JLogSystem
2015-04-10 16:28:29,530 - Default ResourceManager initializing. (class org.apache.velocity.runtime.resource.ResourceManagerImpl)
2015-04-10 16:28:29,538 - Resource Loader Instantiated: org.apache.velocity.runtime.resource.loader.ClasspathResourceLoader
2015-04-10 16:28:29,538 - ClasspathResourceLoader : initialization starting.
2015-04-10 16:28:29,538 - ClasspathResourceLoader : initialization complete.
2015-04-10 16:28:29,543 - ResourceCache : initialized. (class org.apache.velocity.runtime.resource.ResourceCacheImpl)
2015-04-10 16:28:29,543 - Default ResourceManager initialization complete.
2015-04-10 16:28:29,552 - Loaded System Directive: org.apache.velocity.runtime.directive.Literal
2015-04-10 16:28:29,557 - Loaded System Directive: org.apache.velocity.runtime.directive.Macro
2015-04-10 16:28:29,564 - Loaded System Directive: org.apache.velocity.runtime.directive.Parse
2015-04-10 16:28:29,570 - Loaded System Directive: org.apache.velocity.runtime.directive.Include
2015-04-10 16:28:29,574 - Loaded System Directive: org.apache.velocity.runtime.directive.Foreach
2015-04-10 16:28:29,646 - Created: 20 parsers.
2015-04-10 16:28:29,668 - Velocimacro : initialization starting.
2015-04-10 16:28:29,668 - Velocimacro : adding VMs from VM library template : VM_global_library.vm
2015-04-10 16:28:29,695 - ResourceManager : unable to find resource 'VM_global_library.vm' in any resource loader.
2015-04-10 16:28:29,695 - Velocimacro : error using  VM library template VM_global_library.vm : org.apache.velocity.exception.ResourceNotFoundException: Unable to find resource 'VM_global_library.vm'
2015-04-10 16:28:29,696 - Velocimacro :  VM library template macro registration complete.
2015-04-10 16:28:29,696 - Velocimacro : allowInline = true : VMs can be defined inline in templates
2015-04-10 16:28:29,696 - Velocimacro : allowInlineToOverride = false : VMs defined inline may NOT replace previous VM definitions
2015-04-10 16:28:29,696 - Velocimacro : allowInlineLocal = false : VMs defined inline will be  global in scope if allowed.
2015-04-10 16:28:29,696 - Velocimacro : messages on  : VM system will output logging messages
2015-04-10 16:28:29,696 - Velocimacro : autoload off  : VM system will not automatically reload global library macros
2015-04-10 16:28:29,696 - Velocimacro : initialization complete.
2015-04-10 16:28:29,696 - Velocity successfully started.
